[14:42:37] [main/INFO]: Environment: authHost='https://authserver.mojang.com', accountsHost='https://api.mojang.com', sessionHost='https://sessionserver.mojang.com', servicesHost='https://api.minecraftservices.com', name='PROD'
[14:42:38] [main/WARN]: Ambiguity between arguments [teleport, destination] and [teleport, targets] with inputs: [Player, 0123, @e, dd12be42-52a9-4a91-a8a1-11c01849e498]
[14:42:38] [main/WARN]: Ambiguity between arguments [teleport, location] and [teleport, destination] with inputs: [0.1 -0.5 .9, 0 0 0]
[14:42:38] [main/WARN]: Ambiguity between arguments [teleport, location] and [teleport, targets] with inputs: [0.1 -0.5 .9, 0 0 0]
[14:42:38] [main/WARN]: Ambiguity between arguments [teleport, targets] and [teleport, destination] with inputs: [Player, 0123, dd12be42-52a9-4a91-a8a1-11c01849e498]
[14:42:38] [main/WARN]: Ambiguity between arguments [teleport, targets, location] and [teleport, targets, destination] with inputs: [0.1 -0.5 .9, 0 0 0]
[14:42:38] [main/INFO]: Reloading ResourceManager: Default
[14:42:39] [Worker-Main-12/INFO]: Loaded 7 recipes
[14:42:40] [Worker-Main-12/INFO]: Loaded 927 advancements
[14:42:42] [Server thread/INFO]: Starting minecraft server version 1.16.5
[14:42:42] [Server thread/INFO]: Loading properties
[14:42:42] [Server thread/INFO]: Default game type: SURVIVAL
[14:42:42] [Server thread/INFO]: Generating keypair
[14:42:43] [Server thread/INFO]: Starting Minecraft server on *:25565
[14:42:43] [Server thread/INFO]: Using default channel type
[14:42:44] [Server thread/WARN]: **** SERVER IS RUNNING IN OFFLINE/INSECURE MODE!
[14:42:45] [Server thread/WARN]: The server will make no attempt to authenticate usernames. Beware.
[14:42:45] [Server thread/WARN]: While this makes the game possible to play without internet access, it also opens up the ability for hackers to connect with any username they choose.
[14:42:45] [Server thread/WARN]: To change this, set "online-mode" to "true" in the server.properties file.
[14:42:45] [Server thread/INFO]: Preparing level "world"
[14:42:45] [Server thread/INFO]: Preparing start region for dimension minecraft:overworld
[14:42:47] [Server thread/INFO]: Preparing spawn area: 0%
[14:42:47] [Server thread/INFO]: Preparing spawn area: 0%
[14:42:47] [Server thread/INFO]: Preparing spawn area: 0%
[14:42:47] [Server thread/INFO]: Preparing spawn area: 0%
[14:42:47] [Server thread/INFO]: Preparing spawn area: 0%
[14:42:47] [Server thread/INFO]: Preparing spawn area: 0%
[14:42:49] [Server thread/INFO]: Time elapsed: 3745 ms
[14:42:49] [Server thread/INFO]: Done (3.974s)! For help, type "help"
[14:42:52] [Server thread/WARN]: Can't keep up! Is the server overloaded? Running 2018ms or 40 ticks behind
[14:44:27] [Server thread/INFO]: Bentolinha[/177.30.36.81:50690] logged in with entity id 389 at (271.5055482011684, 68.9375, 112.27095445563052)
[14:44:27] [Server thread/INFO]: Bentolinha joined the game
[14:45:32] [Server thread/INFO]: Villager bfj['Farmer'/74, l='ServerLevel[world]', x=182.50, y=86.56, z=42.50] died, message: 'Farmer suffocated in a wall'
[14:46:35] [Server thread/INFO]: Bentolinha lost connection: Disconnected
[14:46:35] [Server thread/INFO]: Bentolinha left the game
